Arguments: 
  C:\Program Files\nodejs\node.exe C:\Program Files\nodejs\node_modules\yarn\bin\yarn.js add esling --dev

PATH: 
  C:\ProgramData\Oracle\Java\javapath;C:\Python39\Scripts\;C:\Python39\;C:\Windows\system32;C:\Windows;C:\Windows\System32\Wbem;C:\Windows\System32\WindowsPowerShell\v1.0\;C:\Windows\System32\OpenSSH\;C:\Program Files\NVIDIA Corporation\NVIDIA NvDLISR;C:\Program Files (x86)\NVIDIA Corporation\PhysX\Common;C:\ProgramData\chocolatey\bin;C:\Program Files\Git\cmd;%NVM_HOME%;%NVM_SYMLINK%;C:\Users\timur\AppData\Local\Programs\Python\Python310\Scripts\;C:\Users\timur\AppData\Local\Programs\Python\Python310\;C:\Users\timur\AppData\Local\Microsoft\WindowsApps;C:\Program Files\JetBrains\IntelliJ IDEA Community Edition 2021.2.3\bin;;C:\Program Files\JetBrains\PyCharm Community Edition 2020.3.5\bin;;C:\Users\timur\Development\flutter\bin;C:\Users\timur\AppData\Local\Programs\Microsoft VS Code\bin;C:\tools\flutter\bin;C:\Program Files (x86)\GitHub CLI\;C:\tools\dart-sdk\bin;C:\Users\timur\AppData\Roaming\Pub\Cache\bin;C:\tools\neovim\Neovim\bin;C:\Users\timur\AppData\Roaming\nvm;C:\Program Files\nodejs

Yarn version: 
  1.22.17

Node version: 
  16.13.1

Platform: 
  win32 x64

Trace: 
  Error: https://registry.yarnpkg.com/esling: Not found
      at Request.params.callback [as _callback] (C:\Users\timur\AppData\Roaming\nvm\v16.13.1\node_modules\yarn\lib\cli.js:67029:18)
      at Request.self.callback (C:\Users\timur\AppData\Roaming\nvm\v16.13.1\node_modules\yarn\lib\cli.js:140883:22)
      at Request.emit (node:events:390:28)
      at Request.<anonymous> (C:\Users\timur\AppData\Roaming\nvm\v16.13.1\node_modules\yarn\lib\cli.js:141855:10)
      at Request.emit (node:events:390:28)
      at IncomingMessage.<anonymous> (C:\Users\timur\AppData\Roaming\nvm\v16.13.1\node_modules\yarn\lib\cli.js:141777:12)
      at Object.onceWrapper (node:events:509:28)
      at IncomingMessage.emit (node:events:402:35)
      at endReadableNT (node:internal/streams/readable:1343:12)
      at processTicksAndRejections (node:internal/process/task_queues:83:21)

npm manifest: 
  {
    "name": "cosule",
    "version": "1.0.0",
    "main": "index.js",
    "license": "MIT",
    "dependencies": {},
    "devDependencies": {}
  }

yarn manifest: 
  No manifest

Lockfile: 
  # THIS IS AN AUTOGENERATED FILE. DO NOT EDIT THIS FILE DIRECTLY.
  # yarn lockfile v1
